This is pdfeTeX, Version 3.141592-1.21a-2.2 (Web2C 7.5.4) (format=latex 2006.7.7)  27 APR 2007 18:54
entering extended mode
**phase
(./phase.tex
LaTeX2e <2003/12/01>
Babel <v3.8d> and hyphenation patterns for american, french, german, ngerman, b
ahasa, basque, bulgarian, catalan, croatian, czech, danish, dutch, esperanto, e
stonian, finnish, greek, icelandic, irish, italian, latin, magyar, norsk, polis
h, portuges, romanian, russian, serbian, slovak, slovene, spanish, swedish, tur
kish, ukrainian, nohyphenation, loaded.
(/usr/share/texmf-tetex/tex/latex/base/article.cls
Document Class: article 2004/02/16 v1.4f Standard LaTeX document class
(/usr/share/texmf-tetex/tex/latex/base/size10.clo
File: size10.clo 2004/02/16 v1.4f Standard LaTeX file (size option)
)
\c@part=\count79
\c@section=\count80
\c@subsection=\count81
\c@subsubsection=\count82
\c@paragraph=\count83
\c@subparagraph=\count84
\c@figure=\count85
\c@table=\count86
\abovecaptionskip=\skip41
\belowcaptionskip=\skip42
\bibindent=\dimen102
)
(/usr/share/texmf-tetex/tex/latex/preprint/fullpage.sty
Package: fullpage 1999/02/23 1.1 (PWD)
\FP@margin=\skip43
)
(/usr/share/texmf-tetex/tex/latex/html/html.sty
Package: html 1999/07/19 v1.38 hypertext commands for latex2html (nd, hws, rrm)

\c@lpart=\count87
\c@lchapter=\count88
\c@chapter=\count89
\c@lsection=\count90
\c@lsubsection=\count91
\c@lsubsubsection=\count92
\c@lparagraph=\count93
\c@lsubparagraph=\count94
\c@lsubsubparagraph=\count95
\ptrfile=\write3
)
(/usr/share/texmf-tetex/tex/latex/tools/longtable.sty
Package: longtable 2004/02/01 v4.11 Multi-page Table package (DPC)
\LTleft=\skip44
\LTright=\skip45
\LTpre=\skip46
\LTpost=\skip47
\LTchunksize=\count96
\LTcapwidth=\dimen103
\LT@head=\box26
\LT@firsthead=\box27
\LT@foot=\box28
\LT@lastfoot=\box29
\LT@cols=\count97
\LT@rows=\count98
\c@LT@tables=\count99
\c@LT@chunks=\count100
\LT@p@ftn=\toks14
) (./phase.aux)
\openout1 = `phase.aux'.

LaTeX Font Info:    Checking defaults for OML/cmm/m/it on input line 14.
LaTeX Font Info:    ... okay on input line 14.
LaTeX Font Info:    Checking defaults for T1/cmr/m/n on input line 14.
LaTeX Font Info:    ... okay on input line 14.
LaTeX Font Info:    Checking defaults for OT1/cmr/m/n on input line 14.
LaTeX Font Info:    ... okay on input line 14.
LaTeX Font Info:    Checking defaults for OMS/cmsy/m/n on input line 14.
LaTeX Font Info:    ... okay on input line 14.
LaTeX Font Info:    Checking defaults for OMX/cmex/m/n on input line 14.
LaTeX Font Info:    ... okay on input line 14.
LaTeX Font Info:    Checking defaults for U/cmr/m/n on input line 14.
LaTeX Font Info:    ... okay on input line 14.
LaTeX Font Info:    External font `cmex10' loaded for size
(Font)              <12> on input line 16.
LaTeX Font Info:    External font `cmex10' loaded for size
(Font)              <8> on input line 16.
LaTeX Font Info:    External font `cmex10' loaded for size
(Font)              <6> on input line 16.
 [1

]
(./phase.toc
LaTeX Font Info:    External font `cmex10' loaded for size
(Font)              <7> on input line 4.
LaTeX Font Info:    External font `cmex10' loaded for size
(Font)              <5> on input line 4.
 [2] [3])
\tf@toc=\write4
\openout4 = `phase.toc'.

 [4] [5] [6] [7] [8] [9] [10] [11] [12] [13]
Underfull \hbox (badness 10000) in paragraph at lines 1316--1317

 []


Underfull \hbox (badness 10000) in paragraph at lines 1374--1375

 []

[14]
Underfull \hbox (badness 10000) in paragraph at lines 1447--1448

 []


Underfull \hbox (badness 10000) in paragraph at lines 1509--1510

 []

[15] [16]
Underfull \hbox (badness 10000) in paragraph at lines 1732--1733

 []


Overfull \hbox (6.47932pt too wide) in paragraph at lines 1762--1763
[]|\OT1/cmtt/m/n/10 cha-context-aot
 []


Overfull \hbox (11.72928pt too wide) in paragraph at lines 1770--1771
[]|\OT1/cmtt/m/n/10 ofcg-context-aot
 []


Underfull \hbox (badness 10000) in paragraph at lines 1849--1850

 []

[17] [18]
Underfull \hbox (badness 10000) in paragraph at lines 1905--1906

 []


Underfull \hbox (badness 10000) in paragraph at lines 1992--1993

 []


Overfull \hbox (1.22937pt too wide) in paragraph at lines 2034--2035
[]|\OT1/cmtt/m/n/10 threadkobjsens
 []

[19] [20]
Underfull \hbox (badness 10000) in paragraph at lines 2221--2222

 []


Underfull \hbox (badness 10000) in paragraph at lines 2279--2280

 []

[21]
Underfull \hbox (badness 10000) in paragraph at lines 2346--2347

 []


Underfull \hbox (badness 10000) in paragraph at lines 2402--2403

 []

[22] [23]
Underfull \hbox (badness 10000) in paragraph at lines 2624--2625

 []


Overfull \hbox (1.22937pt too wide) in paragraph at lines 2627--2628
[]|\OT1/cmtt/m/n/10 medium-grained
 []


Overfull \hbox (1.22937pt too wide) in paragraph at lines 2635--2636
[]|\OT1/cmtt/m/n/10 coarse-grained
 []


Underfull \hbox (badness 10000) in paragraph at lines 2643--2644
[]|\OT1/cmtt/m/n/10 single-static
 []


Overfull \hbox (1.22937pt too wide) in paragraph at lines 2650--2651
[]|\OT1/cmtt/m/n/10 leave-original
 []

[24]
Overfull \hbox (8.4669pt too wide) in paragraph at lines 2788--2792
[]\OT1/cmr/m/n/10 Insert a check that, be-fore in-vok-ing the static copy of th
e tar-get method, throws a \OT1/cmtt/m/n/10 NullPointerException
 []


Underfull \hbox (badness 10000) in paragraph at lines 2840--2841

 []


Overfull \vbox (23.37946pt too high) has occurred while \output is active []


[25]
Underfull \hbox (badness 10000) in paragraph at lines 2956--2957

 []

[26] [27]
Overfull \hbox (4.75244pt too wide) in paragraph at lines 3192--3193
[]\OT1/cmr/m/n/10 (default value: \OT1/cmtt/m/n/10 false\OT1/cmr/m/n/10 ) 
 []


Overfull \hbox (20.39122pt too wide) in paragraph at lines 3200--3201
[]\OT1/cmr/m/n/10 (default value: \OT1/cmtt/m/n/10 false\OT1/cmr/m/n/10 ) 
 []

[28] [29] [30]
Underfull \hbox (badness 10000) in paragraph at lines 3623--3624

 []

[31] [32] [33] [34] [35] [36]
Underfull \hbox (badness 10000) in paragraph at lines 4519--4520

 []

[37] [38] [39] [40] [41] [42] [43] (./phase.aux) ) 
Here is how much of TeX's memory you used:
 634 strings out of 94501
 7184 string characters out of 1175812
 58046 words of memory out of 1000000
 3859 multiletter control sequences out of 10000+50000
 8747 words of font info for 32 fonts, out of 500000 for 2000
 580 hyphenation exceptions out of 8191
 23i,7n,19p,646b,305s stack positions out of 1500i,500n,5000p,200000b,5000s

Output written on phase.dvi (43 pages, 160188 bytes).
